[0.000000] (-) TimerEvent: {}
[0.000157] (-) JobUnselected: {'identifier': 'dynamixel_sdk'}
[0.000200] (-) JobUnselected: {'identifier': 'dynamixel_sdk_custom_interfaces'}
[0.000263] (-) JobUnselected: {'identifier': 'dynamixel_sdk_examples'}
[0.000293] (-) JobUnselected: {'identifier': 'gazebo_dev'}
[0.000319] (-) JobUnselected: {'identifier': 'gazebo_msgs'}
[0.000344] (-) JobUnselected: {'identifier': 'gazebo_plugins'}
[0.000369] (-) JobUnselected: {'identifier': 'gazebo_ros'}
[0.000392] (-) JobUnselected: {'identifier': 'gazebo_ros_pkgs'}
[0.000416] (-) JobUnselected: {'identifier': 'turtlebot3'}
[0.000440] (-) JobUnselected: {'identifier': 'turtlebot3_bringup'}
[0.000464] (-) JobUnselected: {'identifier': 'turtlebot3_cartographer'}
[0.000489] (-) JobUnselected: {'identifier': 'turtlebot3_description'}
[0.000513] (-) JobUnselected: {'identifier': 'turtlebot3_example'}
[0.000536] (-) JobUnselected: {'identifier': 'turtlebot3_fake_node'}
[0.000597] (-) JobUnselected: {'identifier': 'turtlebot3_gazebo'}
[0.000623] (-) JobUnselected: {'identifier': 'turtlebot3_msgs'}
[0.000646] (-) JobUnselected: {'identifier': 'turtlebot3_navigation2'}
[0.000668] (-) JobUnselected: {'identifier': 'turtlebot3_node'}
[0.000690] (-) JobUnselected: {'identifier': 'turtlebot3_simulations'}
[0.000713] (-) JobUnselected: {'identifier': 'turtlebot3_teleop'}
[0.000975] (-) EventReactorShutdown: {}
