[0.160s] Invoking command in '/home/iju/S08P31C208/ROS/robot_ws/build/turtlebot3_msgs': CMAKE_PREFIX_PATH=/home/iju/S08P31C208/ROS/robot_ws/install/vision_opencv:/home/iju/S08P31C208/ROS/robot_ws/install/turtlebot3_simulations:/home/iju/S08P31C208/ROS/robot_ws/install/turtlebot3_gazebo:/home/iju/S08P31C208/ROS/robot_ws/install/turtlebot3:/home/iju/S08P31C208/ROS/robot_ws/install/turtlebot3_bringup:/home/iju/S08P31C208/ROS/robot_ws/install/turtlebot3_node:/home/iju/S08P31C208/ROS/robot_ws/install/turtlebot3_navigation2:/home/iju/S08P31C208/ROS/robot_ws/install/turtlebot3_fake_node:/home/iju/S08P31C208/ROS/robot_ws/install/turtlebot3_msgs:/home/iju/S08P31C208/ROS/robot_ws/install/turtlebot3_description:/home/iju/S08P31C208/ROS/robot_ws/install/turtlebot3_cartographer:/home/iju/S08P31C208/ROS/robot_ws/install/image_geometry:/home/iju/S08P31C208/ROS/robot_ws/install/gazebo_ros_pkgs:/home/iju/S08P31C208/ROS/robot_ws/install/turtlebot3_teleop:/home/iju/S08P31C208/ROS/robot_ws/install/turtlebot3_example:/home/iju/S08P31C208/ROS/robot_ws/install/opencv_tests:/opt/ros/dashing:/home/iju/S08P31C208/ROS/robot_ws/install/aws_robomaker_hospital_world:/home/iju/S08P31C208/ROS/robot_ws/install/gazebo_plugins:/home/iju/S08P31C208/ROS/robot_ws/install/gazebo_ros:/home/iju/S08P31C208/ROS/robot_ws/install/gazebo_msgs:/home/iju/S08P31C208/ROS/robot_ws/install/gazebo_dev:/home/iju/S08P31C208/ROS/robot_ws/install/dynamixel_sdk_examples:/home/iju/S08P31C208/ROS/robot_ws/install/dynamixel_sdk_custom_interfaces:/home/iju/S08P31C208/ROS/robot_ws/install/dynamixel_sdk:/home/iju/S08P31C208/ROS/robot_ws/install/cv_bridge PS1=\u@\h \[\033[32m\]\w\[\033[33m\]$(parse_git_branch)\[\033[00m\] $ /usr/bin/cmake --build /home/iju/S08P31C208/ROS/robot_ws/build/turtlebot3_msgs -- -j6 -l6
[0.246s] -- Found action_msgs: 0.7.4 (/opt/ros/dashing/share/action_msgs/cmake)
[0.288s] -- Found PythonInterp: /usr/bin/python3 (found suitable version "3.6.9", minimum required is "3") 
[0.288s] -- Using PYTHON_EXECUTABLE: /usr/bin/python3
[0.547s] -- Override CMake install command with custom implementation using symlinks instead of copying resources
[0.581s] -- Found rosidl_adapter: 0.7.10 (/opt/ros/dashing/share/rosidl_adapter/cmake)
[0.640s] -- Found ament_cmake: 0.7.6 (/opt/ros/dashing/share/ament_cmake/cmake)
[0.648s] -- Found rosidl_default_generators: 0.7.0 (/opt/ros/dashing/share/rosidl_default_generators/cmake)
[0.787s] -- Found std_msgs: 0.7.1 (/opt/ros/dashing/share/std_msgs/cmake)
[0.839s] -- Found PythonInterp: /usr/bin/python3 (found version "3.6.9") 
[1.297s] -- Found ament_cmake_cppcheck: 0.7.12 (/opt/ros/dashing/share/ament_cmake_cppcheck/cmake)
[1.297s] -- Found ament_cmake_cpplint: 0.7.12 (/opt/ros/dashing/share/ament_cmake_cpplint/cmake)
[1.297s] -- Found ament_cmake_uncrustify: 0.7.12 (/opt/ros/dashing/share/ament_cmake_uncrustify/cmake)
[1.358s] -- Using all available rosidl_typesupport_c: rosidl_typesupport_fastrtps_c;rosidl_typesupport_introspection_c
[1.407s] -- Using all available rosidl_typesupport_cpp: rosidl_typesupport_fastrtps_cpp;rosidl_typesupport_introspection_cpp
[1.699s] -- Found rmw_implementation_cmake: 0.7.2 (/opt/ros/dashing/share/rmw_implementation_cmake/cmake)
[1.734s] -- Found PythonInterp: /usr/bin/python3 (found suitable version "3.6.9", minimum required is "3.5") 
[1.735s] -- Found python_cmake_module: 0.7.11 (/opt/ros/dashing/share/python_cmake_module/cmake)
[1.769s] -- Using PYTHON_EXECUTABLE: /usr/bin/python3
[1.769s] -- Using PYTHON_INCLUDE_DIRS: /usr/include/python3.6m
[1.769s] -- Using PYTHON_LIBRARIES: /usr/lib/x86_64-linux-gnu/libpython3.6m.so
[2.008s] -- Found ament_cmake_flake8: 0.7.12 (/opt/ros/dashing/share/ament_cmake_flake8/cmake)
[2.009s] -- Found ament_cmake_pep257: 0.7.12 (/opt/ros/dashing/share/ament_cmake_pep257/cmake)
[2.028s] -- Configuring done
[2.292s] -- Generating done
[2.296s] -- Build files have been written to: /home/iju/S08P31C208/ROS/robot_ws/build/turtlebot3_msgs
[2.332s] [35m[1mScanning dependencies of target turtlebot3_msgs__rosidl_generator_c[0m
[2.344s] [  1%] Built target turtlebot3_msgs__cpp
[2.361s] [  2%] [32mBuilding C object CMakeFiles/turtlebot3_msgs__rosidl_generator_c.dir/rosidl_generator_c/turtlebot3_msgs/msg/sensor_state__functions.c.o[0m
[2.368s] [35m[1mScanning dependencies of target turtlebot3_msgs__rosidl_typesupport_cpp[0m
[2.372s] [  4%] [32mBuilding C object CMakeFiles/turtlebot3_msgs__rosidl_generator_c.dir/rosidl_generator_c/turtlebot3_msgs/msg/version_info__functions.c.o[0m
[2.372s] [  5%] [32mBuilding C object CMakeFiles/turtlebot3_msgs__rosidl_generator_c.dir/rosidl_generator_c/turtlebot3_msgs/msg/sound__functions.c.o[0m
[2.374s] [35m[1mScanning dependencies of target turtlebot3_msgs__rosidl_typesupport_fastrtps_cpp[0m
[2.377s] [35m[1mScanning dependencies of target turtlebot3_msgs__rosidl_typesupport_introspection_cpp[0m
[2.406s] [  7%] [32mBuilding CXX object CMakeFiles/turtlebot3_msgs__rosidl_typesupport_cpp.dir/rosidl_typesupport_cpp/turtlebot3_msgs/msg/sensor_state__type_support.cpp.o[0m
[2.420s] [  8%] [32mBuilding CXX object CMakeFiles/turtlebot3_msgs__rosidl_typesupport_fastrtps_cpp.dir/rosidl_typesupport_fastrtps_cpp/turtlebot3_msgs/msg/dds_fastrtps/sensor_state__type_support.cpp.o[0m
[2.426s] [  9%] [32mBuilding CXX object CMakeFiles/turtlebot3_msgs__rosidl_typesupport_introspection_cpp.dir/rosidl_typesupport_introspection_cpp/turtlebot3_msgs/msg/sensor_state__type_support.cpp.o[0m
[2.544s] [ 11%] [32mBuilding CXX object CMakeFiles/turtlebot3_msgs__rosidl_typesupport_cpp.dir/rosidl_typesupport_cpp/turtlebot3_msgs/msg/sound__type_support.cpp.o[0m
[2.547s] [ 12%] [32mBuilding C object CMakeFiles/turtlebot3_msgs__rosidl_generator_c.dir/rosidl_generator_c/turtlebot3_msgs/srv/sound__functions.c.o[0m
[2.568s] [ 14%] [32mBuilding CXX object CMakeFiles/turtlebot3_msgs__rosidl_typesupport_fastrtps_cpp.dir/rosidl_typesupport_fastrtps_cpp/turtlebot3_msgs/msg/dds_fastrtps/sound__type_support.cpp.o[0m
[2.711s] [ 15%] [32mBuilding C object CMakeFiles/turtlebot3_msgs__rosidl_generator_c.dir/rosidl_generator_c/turtlebot3_msgs/srv/dqn__functions.c.o[0m
[2.742s] [ 16%] [32mBuilding C object CMakeFiles/turtlebot3_msgs__rosidl_generator_c.dir/rosidl_generator_c/turtlebot3_msgs/action/patrol__functions.c.o[0m
[2.803s] [ 18%] [32mBuilding CXX object CMakeFiles/turtlebot3_msgs__rosidl_typesupport_introspection_cpp.dir/rosidl_typesupport_introspection_cpp/turtlebot3_msgs/msg/sound__type_support.cpp.o[0m
[2.860s] [ 19%] [32mBuilding CXX object CMakeFiles/turtlebot3_msgs__rosidl_typesupport_introspection_cpp.dir/rosidl_typesupport_introspection_cpp/turtlebot3_msgs/msg/version_info__type_support.cpp.o[0m
[2.864s] [ 21%] [32mBuilding CXX object CMakeFiles/turtlebot3_msgs__rosidl_typesupport_fastrtps_cpp.dir/rosidl_typesupport_fastrtps_cpp/turtlebot3_msgs/msg/dds_fastrtps/version_info__type_support.cpp.o[0m
[2.876s] [ 22%] [32mBuilding CXX object CMakeFiles/turtlebot3_msgs__rosidl_typesupport_cpp.dir/rosidl_typesupport_cpp/turtlebot3_msgs/msg/version_info__type_support.cpp.o[0m
[2.916s] [ 23%] [32m[1mLinking C shared library libturtlebot3_msgs__rosidl_generator_c.so[0m
[3.085s] [ 25%] [32mBuilding CXX object CMakeFiles/turtlebot3_msgs__rosidl_typesupport_fastrtps_cpp.dir/rosidl_typesupport_fastrtps_cpp/turtlebot3_msgs/srv/dds_fastrtps/sound__type_support.cpp.o[0m
[3.169s] [ 26%] Built target turtlebot3_msgs__rosidl_generator_c
[3.174s] [ 28%] [32mBuilding CXX object CMakeFiles/turtlebot3_msgs__rosidl_typesupport_introspection_cpp.dir/rosidl_typesupport_introspection_cpp/turtlebot3_msgs/srv/sound__type_support.cpp.o[0m
[3.212s] [ 29%] [32mBuilding CXX object CMakeFiles/turtlebot3_msgs__rosidl_typesupport_introspection_cpp.dir/rosidl_typesupport_introspection_cpp/turtlebot3_msgs/srv/dqn__type_support.cpp.o[0m
[3.255s] [ 30%] [32mBuilding CXX object CMakeFiles/turtlebot3_msgs__rosidl_typesupport_introspection_cpp.dir/rosidl_typesupport_introspection_cpp/turtlebot3_msgs/action/patrol__type_support.cpp.o[0m
[3.333s] [ 32%] [32mBuilding CXX object CMakeFiles/turtlebot3_msgs__rosidl_typesupport_cpp.dir/rosidl_typesupport_cpp/turtlebot3_msgs/srv/dqn__type_support.cpp.o[0m
[3.335s] [ 33%] [32mBuilding CXX object CMakeFiles/turtlebot3_msgs__rosidl_typesupport_cpp.dir/rosidl_typesupport_cpp/turtlebot3_msgs/srv/sound__type_support.cpp.o[0m
[3.641s] [ 35%] [32mBuilding CXX object CMakeFiles/turtlebot3_msgs__rosidl_typesupport_fastrtps_cpp.dir/rosidl_typesupport_fastrtps_cpp/turtlebot3_msgs/srv/dds_fastrtps/dqn__type_support.cpp.o[0m
[3.863s] [35m[1mScanning dependencies of target turtlebot3_msgs__rosidl_typesupport_c[0m
[3.924s] [ 36%] [32mBuilding CXX object CMakeFiles/turtlebot3_msgs__rosidl_typesupport_c.dir/rosidl_typesupport_c/turtlebot3_msgs/msg/sensor_state__type_support.cpp.o[0m
[3.961s] [ 38%] [32m[1mLinking CXX shared library libturtlebot3_msgs__rosidl_typesupport_introspection_cpp.so[0m
[3.999s] [ 39%] [32mBuilding CXX object CMakeFiles/turtlebot3_msgs__rosidl_typesupport_c.dir/rosidl_typesupport_c/turtlebot3_msgs/msg/sound__type_support.cpp.o[0m
[4.000s] [ 40%] [32mBuilding CXX object CMakeFiles/turtlebot3_msgs__rosidl_typesupport_cpp.dir/rosidl_typesupport_cpp/turtlebot3_msgs/action/patrol__type_support.cpp.o[0m
[4.064s] [ 42%] [32mBuilding CXX object CMakeFiles/turtlebot3_msgs__rosidl_typesupport_fastrtps_cpp.dir/rosidl_typesupport_fastrtps_cpp/turtlebot3_msgs/action/dds_fastrtps/patrol__type_support.cpp.o[0m
[4.109s] [ 43%] [32mBuilding CXX object CMakeFiles/turtlebot3_msgs__rosidl_typesupport_c.dir/rosidl_typesupport_c/turtlebot3_msgs/msg/version_info__type_support.cpp.o[0m
[4.146s] [35m[1mScanning dependencies of target turtlebot3_msgs__rosidl_typesupport_introspection_c[0m
[4.249s] [ 45%] [32mBuilding CXX object CMakeFiles/turtlebot3_msgs__rosidl_typesupport_c.dir/rosidl_typesupport_c/turtlebot3_msgs/srv/sound__type_support.cpp.o[0m
[4.259s] [ 46%] [32mBuilding C object CMakeFiles/turtlebot3_msgs__rosidl_typesupport_introspection_c.dir/rosidl_typesupport_introspection_c/turtlebot3_msgs/msg/sensor_state__type_support.c.o[0m
[4.310s] [ 47%] Built target turtlebot3_msgs__rosidl_typesupport_introspection_cpp
[4.384s] [ 49%] [32mBuilding C object CMakeFiles/turtlebot3_msgs__rosidl_typesupport_introspection_c.dir/rosidl_typesupport_introspection_c/turtlebot3_msgs/msg/sound__type_support.c.o[0m
[4.499s] [ 50%] [32mBuilding C object CMakeFiles/turtlebot3_msgs__rosidl_typesupport_introspection_c.dir/rosidl_typesupport_introspection_c/turtlebot3_msgs/msg/version_info__type_support.c.o[0m
[4.544s] [ 52%] [32mBuilding CXX object CMakeFiles/turtlebot3_msgs__rosidl_typesupport_c.dir/rosidl_typesupport_c/turtlebot3_msgs/srv/dqn__type_support.cpp.o[0m
[4.605s] [ 53%] [32mBuilding C object CMakeFiles/turtlebot3_msgs__rosidl_typesupport_introspection_c.dir/rosidl_typesupport_introspection_c/turtlebot3_msgs/srv/sound__type_support.c.o[0m
[4.656s] [ 54%] [32mBuilding CXX object CMakeFiles/turtlebot3_msgs__rosidl_typesupport_c.dir/rosidl_typesupport_c/turtlebot3_msgs/action/patrol__type_support.cpp.o[0m
[4.674s] [ 56%] [32mBuilding C object CMakeFiles/turtlebot3_msgs__rosidl_typesupport_introspection_c.dir/rosidl_typesupport_introspection_c/turtlebot3_msgs/srv/dqn__type_support.c.o[0m
[4.690s] [ 57%] [32m[1mLinking CXX shared library libturtlebot3_msgs__rosidl_typesupport_cpp.so[0m
[4.713s] [ 59%] [32mBuilding C object CMakeFiles/turtlebot3_msgs__rosidl_typesupport_introspection_c.dir/rosidl_typesupport_introspection_c/turtlebot3_msgs/action/patrol__type_support.c.o[0m
[4.897s] [ 60%] [32m[1mLinking CXX shared library libturtlebot3_msgs__rosidl_typesupport_c.so[0m
[4.911s] [ 61%] [32m[1mLinking C shared library libturtlebot3_msgs__rosidl_typesupport_introspection_c.so[0m
[4.942s] [ 63%] Built target turtlebot3_msgs__rosidl_typesupport_cpp
[4.984s] [ 64%] [32m[1mLinking CXX shared library libturtlebot3_msgs__rosidl_typesupport_fastrtps_cpp.so[0m
[5.099s] [ 66%] Built target turtlebot3_msgs__rosidl_typesupport_introspection_c
[5.278s] [ 67%] Built target turtlebot3_msgs__rosidl_typesupport_c
[5.366s] [ 69%] Built target turtlebot3_msgs__rosidl_typesupport_fastrtps_cpp
[5.437s] [35m[1mScanning dependencies of target turtlebot3_msgs__rosidl_typesupport_fastrtps_c[0m
[5.562s] [ 71%] [32mBuilding CXX object CMakeFiles/turtlebot3_msgs__rosidl_typesupport_fastrtps_c.dir/rosidl_typesupport_fastrtps_c/turtlebot3_msgs/msg/sound__type_support_c.cpp.o[0m
[5.562s] [ 73%] [32mBuilding CXX object CMakeFiles/turtlebot3_msgs__rosidl_typesupport_fastrtps_c.dir/rosidl_typesupport_fastrtps_c/turtlebot3_msgs/msg/sensor_state__type_support_c.cpp.o[0m
[5.563s] [ 76%] [32mBuilding CXX object CMakeFiles/turtlebot3_msgs__rosidl_typesupport_fastrtps_c.dir/rosidl_typesupport_fastrtps_c/turtlebot3_msgs/srv/sound__type_support_c.cpp.o[0m
[5.563s] [ 77%] [32mBuilding CXX object CMakeFiles/turtlebot3_msgs__rosidl_typesupport_fastrtps_c.dir/rosidl_typesupport_fastrtps_c/turtlebot3_msgs/msg/version_info__type_support_c.cpp.o[0m
[5.564s] [ 74%] [32mBuilding CXX object CMakeFiles/turtlebot3_msgs__rosidl_typesupport_fastrtps_c.dir/rosidl_typesupport_fastrtps_c/turtlebot3_msgs/action/patrol__type_support_c.cpp.o[0m
[5.564s] [ 74%] [32mBuilding CXX object CMakeFiles/turtlebot3_msgs__rosidl_typesupport_fastrtps_c.dir/rosidl_typesupport_fastrtps_c/turtlebot3_msgs/srv/dqn__type_support_c.cpp.o[0m
[6.622s] [ 78%] [32m[1mLinking CXX shared library libturtlebot3_msgs__rosidl_typesupport_fastrtps_c.so[0m
[7.050s] [ 80%] Built target turtlebot3_msgs__rosidl_typesupport_fastrtps_c
[7.250s] [ 80%] Built target turtlebot3_msgs
[7.375s] [ 81%] Built target turtlebot3_msgs__py
[7.412s] [35m[1mScanning dependencies of target turtlebot3_msgs__python[0m
[7.526s] [ 83%] [32mBuilding C object CMakeFiles/turtlebot3_msgs__python.dir/rosidl_generator_py/turtlebot3_msgs/srv/_dqn_s.c.o[0m
[7.562s] [ 84%] [32mBuilding C object CMakeFiles/turtlebot3_msgs__python.dir/rosidl_generator_py/turtlebot3_msgs/msg/_version_info_s.c.o[0m
[7.566s] [ 87%] [32mBuilding C object CMakeFiles/turtlebot3_msgs__python.dir/rosidl_generator_py/turtlebot3_msgs/srv/_sound_s.c.o[0m
[7.566s] [ 87%] [32mBuilding C object CMakeFiles/turtlebot3_msgs__python.dir/rosidl_generator_py/turtlebot3_msgs/action/_patrol_s.c.o[0m
[7.569s] [ 88%] [32mBuilding C object CMakeFiles/turtlebot3_msgs__python.dir/rosidl_generator_py/turtlebot3_msgs/msg/_sensor_state_s.c.o[0m
[7.573s] [ 90%] [32mBuilding C object CMakeFiles/turtlebot3_msgs__python.dir/rosidl_generator_py/turtlebot3_msgs/msg/_sound_s.c.o[0m
[7.928s] [ 91%] [32m[1mLinking C shared library rosidl_generator_py/turtlebot3_msgs/libturtlebot3_msgs__python.so[0m
[8.210s] [ 91%] Built target turtlebot3_msgs__python
[8.281s] [35m[1mScanning dependencies of target turtlebot3_msgs__rosidl_typesupport_c__pyext[0m
[8.282s] [35m[1mScanning dependencies of target turtlebot3_msgs__rosidl_typesupport_introspection_c__pyext[0m
[8.300s] [35m[1mScanning dependencies of target turtlebot3_msgs__rosidl_typesupport_fastrtps_c__pyext[0m
[8.390s] [ 94%] [32mBuilding C object CMakeFiles/turtlebot3_msgs__rosidl_typesupport_c__pyext.dir/rosidl_generator_py/turtlebot3_msgs/_turtlebot3_msgs_s.ep.rosidl_typesupport_c.c.o[0m
[8.402s] [ 92%] [32mBuilding C object CMakeFiles/turtlebot3_msgs__rosidl_typesupport_introspection_c__pyext.dir/rosidl_generator_py/turtlebot3_msgs/_turtlebot3_msgs_s.ep.rosidl_typesupport_introspection_c.c.o[0m
[8.403s] [ 95%] [32mBuilding C object CMakeFiles/turtlebot3_msgs__rosidl_typesupport_fastrtps_c__pyext.dir/rosidl_generator_py/turtlebot3_msgs/_turtlebot3_msgs_s.ep.rosidl_typesupport_fastrtps_c.c.o[0m
[8.713s] [ 97%] [32m[1mLinking C shared library rosidl_generator_py/turtlebot3_msgs/turtlebot3_msgs_s__rosidl_typesupport_c.cpython-36m-x86_64-linux-gnu.so[0m
[8.742s] [ 98%] [32m[1mLinking C shared library rosidl_generator_py/turtlebot3_msgs/turtlebot3_msgs_s__rosidl_typesupport_introspection_c.cpython-36m-x86_64-linux-gnu.so[0m
[8.858s] [100%] [32m[1mLinking C shared library rosidl_generator_py/turtlebot3_msgs/turtlebot3_msgs_s__rosidl_typesupport_fastrtps_c.cpython-36m-x86_64-linux-gnu.so[0m
[8.907s] [100%] Built target turtlebot3_msgs__rosidl_typesupport_c__pyext
[9.042s] [100%] Built target turtlebot3_msgs__rosidl_typesupport_introspection_c__pyext
[9.056s] [100%] Built target turtlebot3_msgs__rosidl_typesupport_fastrtps_c__pyext
[9.087s] Invoked command in '/home/iju/S08P31C208/ROS/robot_ws/build/turtlebot3_msgs' returned '0': CMAKE_PREFIX_PATH=/home/iju/S08P31C208/ROS/robot_ws/install/vision_opencv:/home/iju/S08P31C208/ROS/robot_ws/install/turtlebot3_simulations:/home/iju/S08P31C208/ROS/robot_ws/install/turtlebot3_gazebo:/home/iju/S08P31C208/ROS/robot_ws/install/turtlebot3:/home/iju/S08P31C208/ROS/robot_ws/install/turtlebot3_bringup:/home/iju/S08P31C208/ROS/robot_ws/install/turtlebot3_node:/home/iju/S08P31C208/ROS/robot_ws/install/turtlebot3_navigation2:/home/iju/S08P31C208/ROS/robot_ws/install/turtlebot3_fake_node:/home/iju/S08P31C208/ROS/robot_ws/install/turtlebot3_msgs:/home/iju/S08P31C208/ROS/robot_ws/install/turtlebot3_description:/home/iju/S08P31C208/ROS/robot_ws/install/turtlebot3_cartographer:/home/iju/S08P31C208/ROS/robot_ws/install/image_geometry:/home/iju/S08P31C208/ROS/robot_ws/install/gazebo_ros_pkgs:/home/iju/S08P31C208/ROS/robot_ws/install/turtlebot3_teleop:/home/iju/S08P31C208/ROS/robot_ws/install/turtlebot3_example:/home/iju/S08P31C208/ROS/robot_ws/install/opencv_tests:/opt/ros/dashing:/home/iju/S08P31C208/ROS/robot_ws/install/aws_robomaker_hospital_world:/home/iju/S08P31C208/ROS/robot_ws/install/gazebo_plugins:/home/iju/S08P31C208/ROS/robot_ws/install/gazebo_ros:/home/iju/S08P31C208/ROS/robot_ws/install/gazebo_msgs:/home/iju/S08P31C208/ROS/robot_ws/install/gazebo_dev:/home/iju/S08P31C208/ROS/robot_ws/install/dynamixel_sdk_examples:/home/iju/S08P31C208/ROS/robot_ws/install/dynamixel_sdk_custom_interfaces:/home/iju/S08P31C208/ROS/robot_ws/install/dynamixel_sdk:/home/iju/S08P31C208/ROS/robot_ws/install/cv_bridge PS1=\u@\h \[\033[32m\]\w\[\033[33m\]$(parse_git_branch)\[\033[00m\] $ /usr/bin/cmake --build /home/iju/S08P31C208/ROS/robot_ws/build/turtlebot3_msgs -- -j6 -l6
[11.318s] Invoking command in '/home/iju/S08P31C208/ROS/robot_ws/build/turtlebot3_msgs': CMAKE_PREFIX_PATH=/home/iju/S08P31C208/ROS/robot_ws/install/vision_opencv:/home/iju/S08P31C208/ROS/robot_ws/install/turtlebot3_simulations:/home/iju/S08P31C208/ROS/robot_ws/install/turtlebot3_gazebo:/home/iju/S08P31C208/ROS/robot_ws/install/turtlebot3:/home/iju/S08P31C208/ROS/robot_ws/install/turtlebot3_bringup:/home/iju/S08P31C208/ROS/robot_ws/install/turtlebot3_node:/home/iju/S08P31C208/ROS/robot_ws/install/turtlebot3_navigation2:/home/iju/S08P31C208/ROS/robot_ws/install/turtlebot3_fake_node:/home/iju/S08P31C208/ROS/robot_ws/install/turtlebot3_msgs:/home/iju/S08P31C208/ROS/robot_ws/install/turtlebot3_description:/home/iju/S08P31C208/ROS/robot_ws/install/turtlebot3_cartographer:/home/iju/S08P31C208/ROS/robot_ws/install/image_geometry:/home/iju/S08P31C208/ROS/robot_ws/install/gazebo_ros_pkgs:/home/iju/S08P31C208/ROS/robot_ws/install/turtlebot3_teleop:/home/iju/S08P31C208/ROS/robot_ws/install/turtlebot3_example:/home/iju/S08P31C208/ROS/robot_ws/install/opencv_tests:/opt/ros/dashing:/home/iju/S08P31C208/ROS/robot_ws/install/aws_robomaker_hospital_world:/home/iju/S08P31C208/ROS/robot_ws/install/gazebo_plugins:/home/iju/S08P31C208/ROS/robot_ws/install/gazebo_ros:/home/iju/S08P31C208/ROS/robot_ws/install/gazebo_msgs:/home/iju/S08P31C208/ROS/robot_ws/install/gazebo_dev:/home/iju/S08P31C208/ROS/robot_ws/install/dynamixel_sdk_examples:/home/iju/S08P31C208/ROS/robot_ws/install/dynamixel_sdk_custom_interfaces:/home/iju/S08P31C208/ROS/robot_ws/install/dynamixel_sdk:/home/iju/S08P31C208/ROS/robot_ws/install/cv_bridge PS1=\u@\h \[\033[32m\]\w\[\033[33m\]$(parse_git_branch)\[\033[00m\] $ /usr/bin/cmake --build /home/iju/S08P31C208/ROS/robot_ws/build/turtlebot3_msgs --target install -- -j6 -l6
[11.597s] [  1%] Built target turtlebot3_msgs__cpp
[11.642s] [ 12%] Built target turtlebot3_msgs__rosidl_generator_c
[11.702s] [ 23%] Built target turtlebot3_msgs__rosidl_typesupport_introspection_cpp
[11.713s] [ 35%] Built target turtlebot3_msgs__rosidl_typesupport_cpp
[11.736s] [ 46%] Built target turtlebot3_msgs__rosidl_typesupport_fastrtps_cpp
[11.775s] [ 57%] Built target turtlebot3_msgs__rosidl_typesupport_introspection_c
[11.804s] [ 69%] Built target turtlebot3_msgs__rosidl_typesupport_c
[11.885s] [ 80%] Built target turtlebot3_msgs__rosidl_typesupport_fastrtps_c
[11.997s] [ 80%] Built target turtlebot3_msgs
[12.121s] [ 81%] Built target turtlebot3_msgs__py
[12.315s] [ 91%] Built target turtlebot3_msgs__python
[12.444s] [ 94%] Built target turtlebot3_msgs__rosidl_typesupport_fastrtps_c__pyext
[12.464s] [ 97%] Built target turtlebot3_msgs__rosidl_typesupport_introspection_c__pyext
[12.505s] [100%] Built target turtlebot3_msgs__rosidl_typesupport_c__pyext
[12.565s] [36mInstall the project...[0m
[12.606s] -- Install configuration: ""
[12.629s] -- Execute custom install script
[12.629s] -- Up-to-date symlink: /home/iju/S08P31C208/ROS/robot_ws/install/turtlebot3_msgs/share/ament_index/resource_index/rosidl_interfaces/turtlebot3_msgs
[12.630s] -- Up-to-date symlink: /home/iju/S08P31C208/ROS/robot_ws/install/turtlebot3_msgs/include/turtlebot3_msgs/action/patrol.hpp
[12.630s] -- Up-to-date symlink: /home/iju/S08P31C208/ROS/robot_ws/install/turtlebot3_msgs/include/turtlebot3_msgs/action/patrol__struct.hpp
[12.630s] -- Up-to-date symlink: /home/iju/S08P31C208/ROS/robot_ws/install/turtlebot3_msgs/include/turtlebot3_msgs/action/patrol__traits.hpp
[12.630s] -- Up-to-date symlink: /home/iju/S08P31C208/ROS/robot_ws/install/turtlebot3_msgs/include/turtlebot3_msgs/msg/sensor_state.hpp
[12.630s] -- Up-to-date symlink: /home/iju/S08P31C208/ROS/robot_ws/install/turtlebot3_msgs/include/turtlebot3_msgs/msg/sensor_state__struct.hpp
[12.631s] -- Up-to-date symlink: /home/iju/S08P31C208/ROS/robot_ws/install/turtlebot3_msgs/include/turtlebot3_msgs/msg/sensor_state__traits.hpp
[12.631s] -- Up-to-date symlink: /home/iju/S08P31C208/ROS/robot_ws/install/turtlebot3_msgs/include/turtlebot3_msgs/msg/sound.hpp
[12.631s] -- Up-to-date symlink: /home/iju/S08P31C208/ROS/robot_ws/install/turtlebot3_msgs/include/turtlebot3_msgs/msg/sound__struct.hpp
[12.631s] -- Up-to-date symlink: /home/iju/S08P31C208/ROS/robot_ws/install/turtlebot3_msgs/include/turtlebot3_msgs/msg/sound__traits.hpp
[12.631s] -- Up-to-date symlink: /home/iju/S08P31C208/ROS/robot_ws/install/turtlebot3_msgs/include/turtlebot3_msgs/msg/version_info.hpp
[12.631s] -- Up-to-date symlink: /home/iju/S08P31C208/ROS/robot_ws/install/turtlebot3_msgs/include/turtlebot3_msgs/msg/version_info__struct.hpp
[12.634s] -- Up-to-date symlink: /home/iju/S08P31C208/ROS/robot_ws/install/turtlebot3_msgs/include/turtlebot3_msgs/msg/version_info__traits.hpp
[12.634s] -- Up-to-date symlink: /home/iju/S08P31C208/ROS/robot_ws/install/turtlebot3_msgs/include/turtlebot3_msgs/srv/dqn.hpp
[12.643s] -- Up-to-date symlink: /home/iju/S08P31C208/ROS/robot_ws/install/turtlebot3_msgs/include/turtlebot3_msgs/srv/dqn__struct.hpp
[12.643s] -- Up-to-date symlink: /home/iju/S08P31C208/ROS/robot_ws/install/turtlebot3_msgs/include/turtlebot3_msgs/srv/dqn__traits.hpp
[12.644s] -- Up-to-date symlink: /home/iju/S08P31C208/ROS/robot_ws/install/turtlebot3_msgs/include/turtlebot3_msgs/srv/sound.hpp
[12.644s] -- Up-to-date symlink: /home/iju/S08P31C208/ROS/robot_ws/install/turtlebot3_msgs/include/turtlebot3_msgs/srv/sound__struct.hpp
[12.644s] -- Up-to-date symlink: /home/iju/S08P31C208/ROS/robot_ws/install/turtlebot3_msgs/include/turtlebot3_msgs/srv/sound__traits.hpp
[12.644s] -- Up-to-date symlink: /home/iju/S08P31C208/ROS/robot_ws/install/turtlebot3_msgs/include/turtlebot3_msgs/action/patrol.h
[12.645s] -- Up-to-date symlink: /home/iju/S08P31C208/ROS/robot_ws/install/turtlebot3_msgs/include/turtlebot3_msgs/action/patrol__functions.h
[12.645s] -- Up-to-date symlink: /home/iju/S08P31C208/ROS/robot_ws/install/turtlebot3_msgs/include/turtlebot3_msgs/action/patrol__struct.h
[12.645s] -- Up-to-date symlink: /home/iju/S08P31C208/ROS/robot_ws/install/turtlebot3_msgs/include/turtlebot3_msgs/action/patrol__type_support.h
[12.645s] -- Up-to-date symlink: /home/iju/S08P31C208/ROS/robot_ws/install/turtlebot3_msgs/include/turtlebot3_msgs/msg/rosidl_generator_c__visibility_control.h
[12.646s] -- Up-to-date symlink: /home/iju/S08P31C208/ROS/robot_ws/install/turtlebot3_msgs/include/turtlebot3_msgs/msg/sensor_state.h
[12.646s] -- Up-to-date symlink: /home/iju/S08P31C208/ROS/robot_ws/install/turtlebot3_msgs/include/turtlebot3_msgs/msg/sensor_state__functions.h
[12.646s] -- Up-to-date symlink: /home/iju/S08P31C208/ROS/robot_ws/install/turtlebot3_msgs/include/turtlebot3_msgs/msg/sensor_state__struct.h
[12.646s] -- Up-to-date symlink: /home/iju/S08P31C208/ROS/robot_ws/install/turtlebot3_msgs/include/turtlebot3_msgs/msg/sensor_state__type_support.h
[12.649s] -- Up-to-date symlink: /home/iju/S08P31C208/ROS/robot_ws/install/turtlebot3_msgs/include/turtlebot3_msgs/msg/sound.h
[12.649s] -- Up-to-date symlink: /home/iju/S08P31C208/ROS/robot_ws/install/turtlebot3_msgs/include/turtlebot3_msgs/msg/sound__functions.h
[12.649s] -- Up-to-date symlink: /home/iju/S08P31C208/ROS/robot_ws/install/turtlebot3_msgs/include/turtlebot3_msgs/msg/sound__struct.h
[12.649s] -- Up-to-date symlink: /home/iju/S08P31C208/ROS/robot_ws/install/turtlebot3_msgs/include/turtlebot3_msgs/msg/sound__type_support.h
[12.649s] -- Up-to-date symlink: /home/iju/S08P31C208/ROS/robot_ws/install/turtlebot3_msgs/include/turtlebot3_msgs/msg/version_info.h
[12.649s] -- Up-to-date symlink: /home/iju/S08P31C208/ROS/robot_ws/install/turtlebot3_msgs/include/turtlebot3_msgs/msg/version_info__functions.h
[12.650s] -- Up-to-date symlink: /home/iju/S08P31C208/ROS/robot_ws/install/turtlebot3_msgs/include/turtlebot3_msgs/msg/version_info__struct.h
[12.650s] -- Up-to-date symlink: /home/iju/S08P31C208/ROS/robot_ws/install/turtlebot3_msgs/include/turtlebot3_msgs/msg/version_info__type_support.h
[12.650s] -- Up-to-date symlink: /home/iju/S08P31C208/ROS/robot_ws/install/turtlebot3_msgs/include/turtlebot3_msgs/srv/dqn.h
[12.661s] -- Up-to-date symlink: /home/iju/S08P31C208/ROS/robot_ws/install/turtlebot3_msgs/include/turtlebot3_msgs/srv/dqn__functions.h
[12.661s] -- Up-to-date symlink: /home/iju/S08P31C208/ROS/robot_ws/install/turtlebot3_msgs/include/turtlebot3_msgs/srv/dqn__struct.h
[12.662s] -- Up-to-date symlink: /home/iju/S08P31C208/ROS/robot_ws/install/turtlebot3_msgs/include/turtlebot3_msgs/srv/dqn__type_support.h
[12.662s] -- Up-to-date symlink: /home/iju/S08P31C208/ROS/robot_ws/install/turtlebot3_msgs/include/turtlebot3_msgs/srv/sound.h
[12.662s] -- Up-to-date symlink: /home/iju/S08P31C208/ROS/robot_ws/install/turtlebot3_msgs/include/turtlebot3_msgs/srv/sound__functions.h
[12.662s] -- Up-to-date symlink: /home/iju/S08P31C208/ROS/robot_ws/install/turtlebot3_msgs/include/turtlebot3_msgs/srv/sound__struct.h
[12.662s] -- Up-to-date symlink: /home/iju/S08P31C208/ROS/robot_ws/install/turtlebot3_msgs/include/turtlebot3_msgs/srv/sound__type_support.h
[12.663s] -- Up-to-date symlink: /home/iju/S08P31C208/ROS/robot_ws/install/turtlebot3_msgs/share/turtlebot3_msgs/environment/library_path.sh
[12.663s] -- Up-to-date symlink: /home/iju/S08P31C208/ROS/robot_ws/install/turtlebot3_msgs/lib/libturtlebot3_msgs__rosidl_generator_c.so
[12.663s] -- Up-to-date symlink: /home/iju/S08P31C208/ROS/robot_ws/install/turtlebot3_msgs/lib/libturtlebot3_msgs__rosidl_typesupport_c.so
[12.664s] -- Up-to-date symlink: /home/iju/S08P31C208/ROS/robot_ws/install/turtlebot3_msgs/lib/libturtlebot3_msgs__rosidl_typesupport_cpp.so
[12.664s] -- Up-to-date symlink: /home/iju/S08P31C208/ROS/robot_ws/install/turtlebot3_msgs/include/turtlebot3_msgs/action/patrol__rosidl_typesupport_introspection_c.h
[12.665s] -- Up-to-date symlink: /home/iju/S08P31C208/ROS/robot_ws/install/turtlebot3_msgs/include/turtlebot3_msgs/msg/rosidl_typesupport_introspection_c__visibility_control.h
[12.665s] -- Up-to-date symlink: /home/iju/S08P31C208/ROS/robot_ws/install/turtlebot3_msgs/include/turtlebot3_msgs/msg/sensor_state__rosidl_typesupport_introspection_c.h
[12.668s] -- Up-to-date symlink: /home/iju/S08P31C208/ROS/robot_ws/install/turtlebot3_msgs/include/turtlebot3_msgs/msg/sound__rosidl_typesupport_introspection_c.h
[12.668s] -- Up-to-date symlink: /home/iju/S08P31C208/ROS/robot_ws/install/turtlebot3_msgs/include/turtlebot3_msgs/msg/version_info__rosidl_typesupport_introspection_c.h
[12.682s] -- Up-to-date symlink: /home/iju/S08P31C208/ROS/robot_ws/install/turtlebot3_msgs/include/turtlebot3_msgs/srv/dqn__rosidl_typesupport_introspection_c.h
[12.682s] -- Up-to-date symlink: /home/iju/S08P31C208/ROS/robot_ws/install/turtlebot3_msgs/include/turtlebot3_msgs/srv/sound__rosidl_typesupport_introspection_c.h
[12.683s] -- Up-to-date symlink: /home/iju/S08P31C208/ROS/robot_ws/install/turtlebot3_msgs/lib/libturtlebot3_msgs__rosidl_typesupport_introspection_c.so
[12.685s] -- Up-to-date symlink: /home/iju/S08P31C208/ROS/robot_ws/install/turtlebot3_msgs/include/turtlebot3_msgs/action/patrol__rosidl_typesupport_introspection_cpp.hpp
[12.686s] -- Up-to-date symlink: /home/iju/S08P31C208/ROS/robot_ws/install/turtlebot3_msgs/include/turtlebot3_msgs/msg/sensor_state__rosidl_typesupport_introspection_cpp.hpp
[12.686s] -- Up-to-date symlink: /home/iju/S08P31C208/ROS/robot_ws/install/turtlebot3_msgs/include/turtlebot3_msgs/msg/sound__rosidl_typesupport_introspection_cpp.hpp
[12.686s] -- Up-to-date symlink: /home/iju/S08P31C208/ROS/robot_ws/install/turtlebot3_msgs/include/turtlebot3_msgs/msg/version_info__rosidl_typesupport_introspection_cpp.hpp
[12.686s] -- Up-to-date symlink: /home/iju/S08P31C208/ROS/robot_ws/install/turtlebot3_msgs/include/turtlebot3_msgs/srv/dqn__rosidl_typesupport_introspection_cpp.hpp
[12.686s] -- Up-to-date symlink: /home/iju/S08P31C208/ROS/robot_ws/install/turtlebot3_msgs/include/turtlebot3_msgs/srv/sound__rosidl_typesupport_introspection_cpp.hpp
[12.687s] -- Up-to-date symlink: /home/iju/S08P31C208/ROS/robot_ws/install/turtlebot3_msgs/lib/libturtlebot3_msgs__rosidl_typesupport_introspection_cpp.so
[12.687s] -- Up-to-date symlink: /home/iju/S08P31C208/ROS/robot_ws/install/turtlebot3_msgs/include/turtlebot3_msgs/action/patrol__rosidl_typesupport_fastrtps_c.h
[12.688s] -- Up-to-date symlink: /home/iju/S08P31C208/ROS/robot_ws/install/turtlebot3_msgs/include/turtlebot3_msgs/msg/rosidl_typesupport_fastrtps_c__visibility_control.h
[12.688s] -- Up-to-date symlink: /home/iju/S08P31C208/ROS/robot_ws/install/turtlebot3_msgs/include/turtlebot3_msgs/msg/sensor_state__rosidl_typesupport_fastrtps_c.h
[12.688s] -- Up-to-date symlink: /home/iju/S08P31C208/ROS/robot_ws/install/turtlebot3_msgs/include/turtlebot3_msgs/msg/sound__rosidl_typesupport_fastrtps_c.h
[12.688s] -- Up-to-date symlink: /home/iju/S08P31C208/ROS/robot_ws/install/turtlebot3_msgs/include/turtlebot3_msgs/msg/version_info__rosidl_typesupport_fastrtps_c.h
[12.688s] -- Up-to-date symlink: /home/iju/S08P31C208/ROS/robot_ws/install/turtlebot3_msgs/include/turtlebot3_msgs/srv/dqn__rosidl_typesupport_fastrtps_c.h
[12.688s] -- Up-to-date symlink: /home/iju/S08P31C208/ROS/robot_ws/install/turtlebot3_msgs/include/turtlebot3_msgs/srv/sound__rosidl_typesupport_fastrtps_c.h
[12.689s] -- Up-to-date symlink: /home/iju/S08P31C208/ROS/robot_ws/install/turtlebot3_msgs/lib/libturtlebot3_msgs__rosidl_typesupport_fastrtps_c.so
[12.690s] -- Up-to-date symlink: /home/iju/S08P31C208/ROS/robot_ws/install/turtlebot3_msgs/include/turtlebot3_msgs/action/patrol__rosidl_typesupport_fastrtps_cpp.hpp
[12.690s] -- Up-to-date symlink: /home/iju/S08P31C208/ROS/robot_ws/install/turtlebot3_msgs/include/turtlebot3_msgs/msg/rosidl_typesupport_fastrtps_cpp__visibility_control.h
[12.709s] -- Up-to-date symlink: /home/iju/S08P31C208/ROS/robot_ws/install/turtlebot3_msgs/include/turtlebot3_msgs/msg/sensor_state__rosidl_typesupport_fastrtps_cpp.hpp
[12.709s] -- Up-to-date symlink: /home/iju/S08P31C208/ROS/robot_ws/install/turtlebot3_msgs/include/turtlebot3_msgs/msg/sound__rosidl_typesupport_fastrtps_cpp.hpp
[12.710s] -- Up-to-date symlink: /home/iju/S08P31C208/ROS/robot_ws/install/turtlebot3_msgs/include/turtlebot3_msgs/msg/version_info__rosidl_typesupport_fastrtps_cpp.hpp
[12.710s] -- Up-to-date symlink: /home/iju/S08P31C208/ROS/robot_ws/install/turtlebot3_msgs/include/turtlebot3_msgs/srv/dqn__rosidl_typesupport_fastrtps_cpp.hpp
[12.710s] -- Up-to-date symlink: /home/iju/S08P31C208/ROS/robot_ws/install/turtlebot3_msgs/include/turtlebot3_msgs/srv/sound__rosidl_typesupport_fastrtps_cpp.hpp
[12.711s] -- Up-to-date symlink: /home/iju/S08P31C208/ROS/robot_ws/install/turtlebot3_msgs/lib/libturtlebot3_msgs__rosidl_typesupport_fastrtps_cpp.so
[12.711s] -- Up-to-date symlink: /home/iju/S08P31C208/ROS/robot_ws/install/turtlebot3_msgs/share/turtlebot3_msgs/environment/pythonpath.sh
[12.711s] -- Up-to-date symlink: /home/iju/S08P31C208/ROS/robot_ws/install/turtlebot3_msgs/lib/python3.6/site-packages/turtlebot3_msgs/__init__.py
[12.711s] -- Up-to-date symlink: /home/iju/S08P31C208/ROS/robot_ws/install/turtlebot3_msgs/lib/python3.6/site-packages/turtlebot3_msgs/msg/__init__.py
[12.712s] -- Up-to-date symlink: /home/iju/S08P31C208/ROS/robot_ws/install/turtlebot3_msgs/lib/python3.6/site-packages/turtlebot3_msgs/msg/_sensor_state.py
[12.712s] -- Up-to-date symlink: /home/iju/S08P31C208/ROS/robot_ws/install/turtlebot3_msgs/lib/python3.6/site-packages/turtlebot3_msgs/msg/_sound.py
[12.712s] -- Up-to-date symlink: /home/iju/S08P31C208/ROS/robot_ws/install/turtlebot3_msgs/lib/python3.6/site-packages/turtlebot3_msgs/msg/_version_info.py
[12.713s] -- Up-to-date symlink: /home/iju/S08P31C208/ROS/robot_ws/install/turtlebot3_msgs/lib/python3.6/site-packages/turtlebot3_msgs/srv/__init__.py
[12.713s] -- Up-to-date symlink: /home/iju/S08P31C208/ROS/robot_ws/install/turtlebot3_msgs/lib/python3.6/site-packages/turtlebot3_msgs/srv/_dqn.py
[12.713s] -- Up-to-date symlink: /home/iju/S08P31C208/ROS/robot_ws/install/turtlebot3_msgs/lib/python3.6/site-packages/turtlebot3_msgs/srv/_sound.py
[12.714s] -- Up-to-date symlink: /home/iju/S08P31C208/ROS/robot_ws/install/turtlebot3_msgs/lib/python3.6/site-packages/turtlebot3_msgs/action/__init__.py
[12.714s] -- Up-to-date symlink: /home/iju/S08P31C208/ROS/robot_ws/install/turtlebot3_msgs/lib/python3.6/site-packages/turtlebot3_msgs/action/_patrol.py
[12.715s] -- Up-to-date symlink: /home/iju/S08P31C208/ROS/robot_ws/install/turtlebot3_msgs/lib/python3.6/site-packages/turtlebot3_msgs/turtlebot3_msgs_s__rosidl_typesupport_c.cpython-36m-x86_64-linux-gnu.so
[12.715s] -- Up-to-date symlink: /home/iju/S08P31C208/ROS/robot_ws/install/turtlebot3_msgs/lib/python3.6/site-packages/turtlebot3_msgs/turtlebot3_msgs_s__rosidl_typesupport_introspection_c.cpython-36m-x86_64-linux-gnu.so
[12.716s] -- Up-to-date symlink: /home/iju/S08P31C208/ROS/robot_ws/install/turtlebot3_msgs/lib/python3.6/site-packages/turtlebot3_msgs/turtlebot3_msgs_s__rosidl_typesupport_fastrtps_c.cpython-36m-x86_64-linux-gnu.so
[12.716s] -- Up-to-date symlink: /home/iju/S08P31C208/ROS/robot_ws/install/turtlebot3_msgs/lib/libturtlebot3_msgs__python.so
[12.717s] -- Up-to-date symlink: /home/iju/S08P31C208/ROS/robot_ws/install/turtlebot3_msgs/share/turtlebot3_msgs/msg/SensorState.idl
[12.717s] -- Up-to-date symlink: /home/iju/S08P31C208/ROS/robot_ws/install/turtlebot3_msgs/share/turtlebot3_msgs/msg/Sound.idl
[12.717s] -- Up-to-date symlink: /home/iju/S08P31C208/ROS/robot_ws/install/turtlebot3_msgs/share/turtlebot3_msgs/msg/VersionInfo.idl
[12.717s] -- Up-to-date symlink: /home/iju/S08P31C208/ROS/robot_ws/install/turtlebot3_msgs/share/turtlebot3_msgs/srv/Sound.idl
[12.718s] -- Up-to-date symlink: /home/iju/S08P31C208/ROS/robot_ws/install/turtlebot3_msgs/share/turtlebot3_msgs/srv/Dqn.idl
[12.718s] -- Up-to-date symlink: /home/iju/S08P31C208/ROS/robot_ws/install/turtlebot3_msgs/share/turtlebot3_msgs/action/Patrol.idl
[12.718s] -- Up-to-date symlink: /home/iju/S08P31C208/ROS/robot_ws/install/turtlebot3_msgs/share/turtlebot3_msgs/msg/SensorState.msg
[12.719s] -- Up-to-date symlink: /home/iju/S08P31C208/ROS/robot_ws/install/turtlebot3_msgs/share/turtlebot3_msgs/msg/Sound.msg
[12.719s] -- Up-to-date symlink: /home/iju/S08P31C208/ROS/robot_ws/install/turtlebot3_msgs/share/turtlebot3_msgs/msg/VersionInfo.msg
[12.719s] -- Up-to-date symlink: /home/iju/S08P31C208/ROS/robot_ws/install/turtlebot3_msgs/share/turtlebot3_msgs/srv/Sound.srv
[12.719s] -- Up-to-date symlink: /home/iju/S08P31C208/ROS/robot_ws/install/turtlebot3_msgs/share/turtlebot3_msgs/srv/Sound_Request.msg
[12.720s] -- Up-to-date symlink: /home/iju/S08P31C208/ROS/robot_ws/install/turtlebot3_msgs/share/turtlebot3_msgs/srv/Sound_Response.msg
[12.720s] -- Up-to-date symlink: /home/iju/S08P31C208/ROS/robot_ws/install/turtlebot3_msgs/share/turtlebot3_msgs/srv/Dqn.srv
[12.720s] -- Up-to-date symlink: /home/iju/S08P31C208/ROS/robot_ws/install/turtlebot3_msgs/share/turtlebot3_msgs/srv/Dqn_Request.msg
[12.721s] -- Up-to-date symlink: /home/iju/S08P31C208/ROS/robot_ws/install/turtlebot3_msgs/share/turtlebot3_msgs/srv/Dqn_Response.msg
[12.721s] -- Up-to-date symlink: /home/iju/S08P31C208/ROS/robot_ws/install/turtlebot3_msgs/share/turtlebot3_msgs/action/Patrol.action
[12.721s] -- Up-to-date symlink: /home/iju/S08P31C208/ROS/robot_ws/install/turtlebot3_msgs/share/ament_index/resource_index/package_run_dependencies/turtlebot3_msgs
[12.721s] -- Up-to-date symlink: /home/iju/S08P31C208/ROS/robot_ws/install/turtlebot3_msgs/share/ament_index/resource_index/parent_prefix_path/turtlebot3_msgs
[12.722s] -- Up-to-date symlink: /home/iju/S08P31C208/ROS/robot_ws/install/turtlebot3_msgs/share/turtlebot3_msgs/environment/ament_prefix_path.sh
[12.722s] -- Up-to-date symlink: /home/iju/S08P31C208/ROS/robot_ws/install/turtlebot3_msgs/share/turtlebot3_msgs/environment/path.sh
[12.722s] -- Up-to-date symlink: /home/iju/S08P31C208/ROS/robot_ws/install/turtlebot3_msgs/share/turtlebot3_msgs/local_setup.bash
[12.723s] -- Up-to-date symlink: /home/iju/S08P31C208/ROS/robot_ws/install/turtlebot3_msgs/share/turtlebot3_msgs/local_setup.sh
[12.723s] -- Up-to-date symlink: /home/iju/S08P31C208/ROS/robot_ws/install/turtlebot3_msgs/share/turtlebot3_msgs/local_setup.zsh
[12.723s] -- Up-to-date symlink: /home/iju/S08P31C208/ROS/robot_ws/install/turtlebot3_msgs/share/ament_index/resource_index/packages/turtlebot3_msgs
[12.724s] -- Up-to-date symlink: /home/iju/S08P31C208/ROS/robot_ws/install/turtlebot3_msgs/share/turtlebot3_msgs/cmake/rosidl_cmake-extras.cmake
[12.724s] -- Up-to-date symlink: /home/iju/S08P31C208/ROS/robot_ws/install/turtlebot3_msgs/share/turtlebot3_msgs/cmake/ament_cmake_export_dependencies-extras.cmake
[12.725s] -- Up-to-date symlink: /home/iju/S08P31C208/ROS/robot_ws/install/turtlebot3_msgs/share/turtlebot3_msgs/cmake/ament_cmake_export_include_directories-extras.cmake
[12.726s] -- Up-to-date symlink: /home/iju/S08P31C208/ROS/robot_ws/install/turtlebot3_msgs/share/turtlebot3_msgs/cmake/ament_cmake_export_libraries-extras.cmake
[12.727s] -- Up-to-date symlink: /home/iju/S08P31C208/ROS/robot_ws/install/turtlebot3_msgs/share/turtlebot3_msgs/cmake/turtlebot3_msgsConfig.cmake
[12.727s] -- Up-to-date symlink: /home/iju/S08P31C208/ROS/robot_ws/install/turtlebot3_msgs/share/turtlebot3_msgs/cmake/turtlebot3_msgsConfig-version.cmake
[12.728s] -- Up-to-date symlink: /home/iju/S08P31C208/ROS/robot_ws/install/turtlebot3_msgs/share/turtlebot3_msgs/package.xml
[12.804s] Compiling '/home/iju/S08P31C208/ROS/robot_ws/install/turtlebot3_msgs/lib/python3.6/site-packages/turtlebot3_msgs/__init__.py'...
[12.822s] Invoked command in '/home/iju/S08P31C208/ROS/robot_ws/build/turtlebot3_msgs' returned '0': CMAKE_PREFIX_PATH=/home/iju/S08P31C208/ROS/robot_ws/install/vision_opencv:/home/iju/S08P31C208/ROS/robot_ws/install/turtlebot3_simulations:/home/iju/S08P31C208/ROS/robot_ws/install/turtlebot3_gazebo:/home/iju/S08P31C208/ROS/robot_ws/install/turtlebot3:/home/iju/S08P31C208/ROS/robot_ws/install/turtlebot3_bringup:/home/iju/S08P31C208/ROS/robot_ws/install/turtlebot3_node:/home/iju/S08P31C208/ROS/robot_ws/install/turtlebot3_navigation2:/home/iju/S08P31C208/ROS/robot_ws/install/turtlebot3_fake_node:/home/iju/S08P31C208/ROS/robot_ws/install/turtlebot3_msgs:/home/iju/S08P31C208/ROS/robot_ws/install/turtlebot3_description:/home/iju/S08P31C208/ROS/robot_ws/install/turtlebot3_cartographer:/home/iju/S08P31C208/ROS/robot_ws/install/image_geometry:/home/iju/S08P31C208/ROS/robot_ws/install/gazebo_ros_pkgs:/home/iju/S08P31C208/ROS/robot_ws/install/turtlebot3_teleop:/home/iju/S08P31C208/ROS/robot_ws/install/turtlebot3_example:/home/iju/S08P31C208/ROS/robot_ws/install/opencv_tests:/opt/ros/dashing:/home/iju/S08P31C208/ROS/robot_ws/install/aws_robomaker_hospital_world:/home/iju/S08P31C208/ROS/robot_ws/install/gazebo_plugins:/home/iju/S08P31C208/ROS/robot_ws/install/gazebo_ros:/home/iju/S08P31C208/ROS/robot_ws/install/gazebo_msgs:/home/iju/S08P31C208/ROS/robot_ws/install/gazebo_dev:/home/iju/S08P31C208/ROS/robot_ws/install/dynamixel_sdk_examples:/home/iju/S08P31C208/ROS/robot_ws/install/dynamixel_sdk_custom_interfaces:/home/iju/S08P31C208/ROS/robot_ws/install/dynamixel_sdk:/home/iju/S08P31C208/ROS/robot_ws/install/cv_bridge PS1=\u@\h \[\033[32m\]\w\[\033[33m\]$(parse_git_branch)\[\033[00m\] $ /usr/bin/cmake --build /home/iju/S08P31C208/ROS/robot_ws/build/turtlebot3_msgs --target install -- -j6 -l6
