[0.074s] Invoking command in '/home/iju/S08P31C208/ROS/robot_ws/build/image_geometry': CMAKE_PREFIX_PATH=/home/iju/S08P31C208/ROS/robot_ws/install/vision_opencv:/home/iju/S08P31C208/ROS/robot_ws/install/turtlebot3_simulations:/home/iju/S08P31C208/ROS/robot_ws/install/turtlebot3_gazebo:/home/iju/S08P31C208/ROS/robot_ws/install/turtlebot3:/home/iju/S08P31C208/ROS/robot_ws/install/turtlebot3_bringup:/home/iju/S08P31C208/ROS/robot_ws/install/turtlebot3_node:/home/iju/S08P31C208/ROS/robot_ws/install/turtlebot3_navigation2:/home/iju/S08P31C208/ROS/robot_ws/install/turtlebot3_fake_node:/home/iju/S08P31C208/ROS/robot_ws/install/turtlebot3_msgs:/home/iju/S08P31C208/ROS/robot_ws/install/turtlebot3_description:/home/iju/S08P31C208/ROS/robot_ws/install/turtlebot3_cartographer:/home/iju/S08P31C208/ROS/robot_ws/install/image_geometry:/home/iju/S08P31C208/ROS/robot_ws/install/gazebo_ros_pkgs:/home/iju/S08P31C208/ROS/robot_ws/install/turtlebot3_teleop:/home/iju/S08P31C208/ROS/robot_ws/install/turtlebot3_example:/home/iju/S08P31C208/ROS/robot_ws/install/opencv_tests:/opt/ros/dashing:/home/iju/S08P31C208/ROS/robot_ws/install/aws_robomaker_hospital_world:/home/iju/S08P31C208/ROS/robot_ws/install/gazebo_plugins:/home/iju/S08P31C208/ROS/robot_ws/install/gazebo_ros:/home/iju/S08P31C208/ROS/robot_ws/install/gazebo_msgs:/home/iju/S08P31C208/ROS/robot_ws/install/gazebo_dev:/home/iju/S08P31C208/ROS/robot_ws/install/dynamixel_sdk_examples:/home/iju/S08P31C208/ROS/robot_ws/install/dynamixel_sdk_custom_interfaces:/home/iju/S08P31C208/ROS/robot_ws/install/dynamixel_sdk:/home/iju/S08P31C208/ROS/robot_ws/install/cv_bridge PS1=\u@\h \[\033[32m\]\w\[\033[33m\]$(parse_git_branch)\[\033[00m\] $ /usr/bin/cmake --build /home/iju/S08P31C208/ROS/robot_ws/build/image_geometry -- -j6 -l6
[0.185s] -- Found ament_cmake_python: 0.7.6 (/opt/ros/dashing/share/ament_cmake_python/cmake)
[0.185s] -- Found ament_cmake_ros: 0.7.0 (/opt/ros/dashing/share/ament_cmake_ros/cmake)
[0.363s] -- Using PYTHON_EXECUTABLE: /usr/bin/python3
[0.680s] -- Override CMake install command with custom implementation using symlinks instead of copying resources
[0.723s] -- Found sensor_msgs: 0.7.1 (/opt/ros/dashing/share/sensor_msgs/cmake)
[0.755s] -- Found rosidl_adapter: 0.7.10 (/opt/ros/dashing/share/rosidl_adapter/cmake)
[0.922s] -- Found ament_cmake_gtest: 0.7.6 (/opt/ros/dashing/share/ament_cmake_gtest/cmake)
[0.924s] -- Found gtest sources under '/opt/ros/dashing/src/gtest_vendor': C++ tests using 'Google Test' will be built
[1.189s] -- Configuring done
[1.284s] -- Generating done
[1.287s] -- Build files have been written to: /home/iju/S08P31C208/ROS/robot_ws/build/image_geometry
[1.508s] [ 33%] Built target image_geometry
[1.510s] [ 55%] Built target gtest_main
[1.519s] [ 77%] Built target gtest
[1.732s] [100%] Built target image_geometry-utest
[1.784s] Invoked command in '/home/iju/S08P31C208/ROS/robot_ws/build/image_geometry' returned '0': CMAKE_PREFIX_PATH=/home/iju/S08P31C208/ROS/robot_ws/install/vision_opencv:/home/iju/S08P31C208/ROS/robot_ws/install/turtlebot3_simulations:/home/iju/S08P31C208/ROS/robot_ws/install/turtlebot3_gazebo:/home/iju/S08P31C208/ROS/robot_ws/install/turtlebot3:/home/iju/S08P31C208/ROS/robot_ws/install/turtlebot3_bringup:/home/iju/S08P31C208/ROS/robot_ws/install/turtlebot3_node:/home/iju/S08P31C208/ROS/robot_ws/install/turtlebot3_navigation2:/home/iju/S08P31C208/ROS/robot_ws/install/turtlebot3_fake_node:/home/iju/S08P31C208/ROS/robot_ws/install/turtlebot3_msgs:/home/iju/S08P31C208/ROS/robot_ws/install/turtlebot3_description:/home/iju/S08P31C208/ROS/robot_ws/install/turtlebot3_cartographer:/home/iju/S08P31C208/ROS/robot_ws/install/image_geometry:/home/iju/S08P31C208/ROS/robot_ws/install/gazebo_ros_pkgs:/home/iju/S08P31C208/ROS/robot_ws/install/turtlebot3_teleop:/home/iju/S08P31C208/ROS/robot_ws/install/turtlebot3_example:/home/iju/S08P31C208/ROS/robot_ws/install/opencv_tests:/opt/ros/dashing:/home/iju/S08P31C208/ROS/robot_ws/install/aws_robomaker_hospital_world:/home/iju/S08P31C208/ROS/robot_ws/install/gazebo_plugins:/home/iju/S08P31C208/ROS/robot_ws/install/gazebo_ros:/home/iju/S08P31C208/ROS/robot_ws/install/gazebo_msgs:/home/iju/S08P31C208/ROS/robot_ws/install/gazebo_dev:/home/iju/S08P31C208/ROS/robot_ws/install/dynamixel_sdk_examples:/home/iju/S08P31C208/ROS/robot_ws/install/dynamixel_sdk_custom_interfaces:/home/iju/S08P31C208/ROS/robot_ws/install/dynamixel_sdk:/home/iju/S08P31C208/ROS/robot_ws/install/cv_bridge PS1=\u@\h \[\033[32m\]\w\[\033[33m\]$(parse_git_branch)\[\033[00m\] $ /usr/bin/cmake --build /home/iju/S08P31C208/ROS/robot_ws/build/image_geometry -- -j6 -l6
[2.167s] Invoking command in '/home/iju/S08P31C208/ROS/robot_ws/build/image_geometry': CMAKE_PREFIX_PATH=/home/iju/S08P31C208/ROS/robot_ws/install/vision_opencv:/home/iju/S08P31C208/ROS/robot_ws/install/turtlebot3_simulations:/home/iju/S08P31C208/ROS/robot_ws/install/turtlebot3_gazebo:/home/iju/S08P31C208/ROS/robot_ws/install/turtlebot3:/home/iju/S08P31C208/ROS/robot_ws/install/turtlebot3_bringup:/home/iju/S08P31C208/ROS/robot_ws/install/turtlebot3_node:/home/iju/S08P31C208/ROS/robot_ws/install/turtlebot3_navigation2:/home/iju/S08P31C208/ROS/robot_ws/install/turtlebot3_fake_node:/home/iju/S08P31C208/ROS/robot_ws/install/turtlebot3_msgs:/home/iju/S08P31C208/ROS/robot_ws/install/turtlebot3_description:/home/iju/S08P31C208/ROS/robot_ws/install/turtlebot3_cartographer:/home/iju/S08P31C208/ROS/robot_ws/install/image_geometry:/home/iju/S08P31C208/ROS/robot_ws/install/gazebo_ros_pkgs:/home/iju/S08P31C208/ROS/robot_ws/install/turtlebot3_teleop:/home/iju/S08P31C208/ROS/robot_ws/install/turtlebot3_example:/home/iju/S08P31C208/ROS/robot_ws/install/opencv_tests:/opt/ros/dashing:/home/iju/S08P31C208/ROS/robot_ws/install/aws_robomaker_hospital_world:/home/iju/S08P31C208/ROS/robot_ws/install/gazebo_plugins:/home/iju/S08P31C208/ROS/robot_ws/install/gazebo_ros:/home/iju/S08P31C208/ROS/robot_ws/install/gazebo_msgs:/home/iju/S08P31C208/ROS/robot_ws/install/gazebo_dev:/home/iju/S08P31C208/ROS/robot_ws/install/dynamixel_sdk_examples:/home/iju/S08P31C208/ROS/robot_ws/install/dynamixel_sdk_custom_interfaces:/home/iju/S08P31C208/ROS/robot_ws/install/dynamixel_sdk:/home/iju/S08P31C208/ROS/robot_ws/install/cv_bridge PS1=\u@\h \[\033[32m\]\w\[\033[33m\]$(parse_git_branch)\[\033[00m\] $ /usr/bin/cmake --build /home/iju/S08P31C208/ROS/robot_ws/build/image_geometry --target install -- -j6 -l6
[2.551s] [ 22%] Built target gtest
[2.555s] [ 55%] Built target image_geometry
[2.571s] [ 77%] Built target gtest_main
[2.813s] [100%] Built target image_geometry-utest
[2.965s] [36mInstall the project...[0m
[3.010s] -- Install configuration: ""
[3.011s] -- Execute custom install script
[3.011s] -- Up-to-date symlink: /home/iju/S08P31C208/ROS/robot_ws/install/image_geometry/share/image_geometry/environment/pythonpath.sh
[3.032s] -- Up-to-date symlink: /home/iju/S08P31C208/ROS/robot_ws/install/image_geometry/lib/python3.6/site-packages/image_geometry/__init__.py
[3.032s] -- Up-to-date symlink: /home/iju/S08P31C208/ROS/robot_ws/install/image_geometry/lib/python3.6/site-packages/image_geometry/cameramodels.py
[3.033s] -- Up-to-date symlink: /home/iju/S08P31C208/ROS/robot_ws/install/image_geometry/include/image_geometry/pinhole_camera_model.h
[3.033s] -- Up-to-date symlink: /home/iju/S08P31C208/ROS/robot_ws/install/image_geometry/include/image_geometry/stereo_camera_model.h
[3.033s] -- Up-to-date symlink: /home/iju/S08P31C208/ROS/robot_ws/install/image_geometry/include/image_geometry/visibility_control.hpp
[3.033s] -- Up-to-date symlink: /home/iju/S08P31C208/ROS/robot_ws/install/image_geometry/lib/libimage_geometry.so
[3.034s] -- Up-to-date symlink: /home/iju/S08P31C208/ROS/robot_ws/install/image_geometry/share/image_geometry/environment/library_path.sh
[3.034s] -- Up-to-date symlink: /home/iju/S08P31C208/ROS/robot_ws/install/image_geometry/share/ament_index/resource_index/package_run_dependencies/image_geometry
[3.034s] -- Up-to-date symlink: /home/iju/S08P31C208/ROS/robot_ws/install/image_geometry/share/ament_index/resource_index/parent_prefix_path/image_geometry
[3.035s] -- Up-to-date symlink: /home/iju/S08P31C208/ROS/robot_ws/install/image_geometry/share/image_geometry/environment/ament_prefix_path.sh
[3.035s] -- Up-to-date symlink: /home/iju/S08P31C208/ROS/robot_ws/install/image_geometry/share/image_geometry/environment/path.sh
[3.035s] -- Up-to-date symlink: /home/iju/S08P31C208/ROS/robot_ws/install/image_geometry/share/image_geometry/local_setup.bash
[3.036s] -- Up-to-date symlink: /home/iju/S08P31C208/ROS/robot_ws/install/image_geometry/share/image_geometry/local_setup.sh
[3.036s] -- Up-to-date symlink: /home/iju/S08P31C208/ROS/robot_ws/install/image_geometry/share/image_geometry/local_setup.zsh
[3.036s] -- Up-to-date symlink: /home/iju/S08P31C208/ROS/robot_ws/install/image_geometry/share/ament_index/resource_index/packages/image_geometry
[3.037s] -- Up-to-date symlink: /home/iju/S08P31C208/ROS/robot_ws/install/image_geometry/share/image_geometry/cmake/ament_cmake_export_libraries-extras.cmake
[3.037s] -- Up-to-date symlink: /home/iju/S08P31C208/ROS/robot_ws/install/image_geometry/share/image_geometry/cmake/ament_cmake_export_dependencies-extras.cmake
[3.037s] -- Up-to-date symlink: /home/iju/S08P31C208/ROS/robot_ws/install/image_geometry/share/image_geometry/cmake/ament_cmake_export_include_directories-extras.cmake
[3.037s] -- Up-to-date symlink: /home/iju/S08P31C208/ROS/robot_ws/install/image_geometry/share/image_geometry/cmake/image_geometryConfig.cmake
[3.038s] -- Up-to-date symlink: /home/iju/S08P31C208/ROS/robot_ws/install/image_geometry/share/image_geometry/cmake/image_geometryConfig-version.cmake
[3.038s] -- Up-to-date symlink: /home/iju/S08P31C208/ROS/robot_ws/install/image_geometry/share/image_geometry/package.xml
[3.265s] Listing '/home/iju/S08P31C208/ROS/robot_ws/install/image_geometry/lib/python3.6/site-packages/image_geometry'...
[3.280s] Invoked command in '/home/iju/S08P31C208/ROS/robot_ws/build/image_geometry' returned '0': CMAKE_PREFIX_PATH=/home/iju/S08P31C208/ROS/robot_ws/install/vision_opencv:/home/iju/S08P31C208/ROS/robot_ws/install/turtlebot3_simulations:/home/iju/S08P31C208/ROS/robot_ws/install/turtlebot3_gazebo:/home/iju/S08P31C208/ROS/robot_ws/install/turtlebot3:/home/iju/S08P31C208/ROS/robot_ws/install/turtlebot3_bringup:/home/iju/S08P31C208/ROS/robot_ws/install/turtlebot3_node:/home/iju/S08P31C208/ROS/robot_ws/install/turtlebot3_navigation2:/home/iju/S08P31C208/ROS/robot_ws/install/turtlebot3_fake_node:/home/iju/S08P31C208/ROS/robot_ws/install/turtlebot3_msgs:/home/iju/S08P31C208/ROS/robot_ws/install/turtlebot3_description:/home/iju/S08P31C208/ROS/robot_ws/install/turtlebot3_cartographer:/home/iju/S08P31C208/ROS/robot_ws/install/image_geometry:/home/iju/S08P31C208/ROS/robot_ws/install/gazebo_ros_pkgs:/home/iju/S08P31C208/ROS/robot_ws/install/turtlebot3_teleop:/home/iju/S08P31C208/ROS/robot_ws/install/turtlebot3_example:/home/iju/S08P31C208/ROS/robot_ws/install/opencv_tests:/opt/ros/dashing:/home/iju/S08P31C208/ROS/robot_ws/install/aws_robomaker_hospital_world:/home/iju/S08P31C208/ROS/robot_ws/install/gazebo_plugins:/home/iju/S08P31C208/ROS/robot_ws/install/gazebo_ros:/home/iju/S08P31C208/ROS/robot_ws/install/gazebo_msgs:/home/iju/S08P31C208/ROS/robot_ws/install/gazebo_dev:/home/iju/S08P31C208/ROS/robot_ws/install/dynamixel_sdk_examples:/home/iju/S08P31C208/ROS/robot_ws/install/dynamixel_sdk_custom_interfaces:/home/iju/S08P31C208/ROS/robot_ws/install/dynamixel_sdk:/home/iju/S08P31C208/ROS/robot_ws/install/cv_bridge PS1=\u@\h \[\033[32m\]\w\[\033[33m\]$(parse_git_branch)\[\033[00m\] $ /usr/bin/cmake --build /home/iju/S08P31C208/ROS/robot_ws/build/image_geometry --target install -- -j6 -l6
